<?xml version="1.0" encoding="UTF-8"?>
<testsuite xmlns:xsi="http://www.w3.org/2001/XMLSchema-instance" xsi:noNamespaceSchemaLocation="https://maven.apache.org/surefire/maven-surefire-plugin/xsd/surefire-test-report.xsd" name="com.uni.app.AppTest" time="0.023" tests="1" errors="0" skipped="0" failures="0">
  <properties>
    <property name="sun.desktop" value="windows"/>
    <property name="awt.toolkit" value="sun.awt.windows.WToolkit"/>
    <property name="java.specification.version" value="11"/>
    <property name="sun.cpu.isalist" value="amd64"/>
    <property name="sun.jnu.encoding" value="Cp1252"/>
    <property name="java.class.path" value="C:\Users\shieldj\OneDrive - CQUniversity\Documents\NetBeansProjects\jpa_2tables_cust1_1address_jdk11\target\test-classes;C:\Users\shieldj\OneDrive - CQUniversity\Documents\NetBeansProjects\jpa_2tables_cust1_1address_jdk11\target\classes;C:\Users\shieldj\.m2\repository\org\springframework\boot\spring-boot-starter-data-jpa\2.6.15\spring-boot-starter-data-jpa-2.6.15.jar;C:\Users\shieldj\.m2\repository\org\springframework\boot\spring-boot-starter-aop\2.6.15\spring-boot-starter-aop-2.6.15.jar;C:\Users\shieldj\.m2\repository\org\springframework\boot\spring-boot-starter\2.6.15\spring-boot-starter-2.6.15.jar;C:\Users\shieldj\.m2\repository\org\springframework\boot\spring-boot\2.6.15\spring-boot-2.6.15.jar;C:\Users\shieldj\.m2\repository\org\springframework\boot\spring-boot-autoconfigure\2.6.15\spring-boot-autoconfigure-2.6.15.jar;C:\Users\shieldj\.m2\repository\org\springframework\boot\spring-boot-starter-logging\2.6.15\spring-boot-starter-logging-2.6.15.jar;C:\Users\shieldj\.m2\repository\ch\qos\logback\logback-classic\1.2.12\logback-classic-1.2.12.jar;C:\Users\shieldj\.m2\repository\ch\qos\logback\logback-core\1.2.12\logback-core-1.2.12.jar;C:\Users\shieldj\.m2\repository\org\apache\logging\log4j\log4j-to-slf4j\2.17.2\log4j-to-slf4j-2.17.2.jar;C:\Users\shieldj\.m2\repository\org\apache\logging\log4j\log4j-api\2.17.2\log4j-api-2.17.2.jar;C:\Users\shieldj\.m2\repository\org\slf4j\jul-to-slf4j\1.7.36\jul-to-slf4j-1.7.36.jar;C:\Users\shieldj\.m2\repository\jakarta\annotation\jakarta.annotation-api\1.3.5\jakarta.annotation-api-1.3.5.jar;C:\Users\shieldj\.m2\repository\org\yaml\snakeyaml\1.29\snakeyaml-1.29.jar;C:\Users\shieldj\.m2\repository\org\springframework\spring-aop\5.3.27\spring-aop-5.3.27.jar;C:\Users\shieldj\.m2\repository\org\aspectj\aspectjweaver\1.9.7\aspectjweaver-1.9.7.jar;C:\Users\shieldj\.m2\repository\org\springframework\boot\spring-boot-starter-jdbc\2.6.15\spring-boot-starter-jdbc-2.6.15.jar;C:\Users\shieldj\.m2\repository\com\zaxxer\HikariCP\4.0.3\HikariCP-4.0.3.jar;C:\Users\shieldj\.m2\repository\org\springframework\spring-jdbc\5.3.27\spring-jdbc-5.3.27.jar;C:\Users\shieldj\.m2\repository\jakarta\transaction\jakarta.transaction-api\1.3.3\jakarta.transaction-api-1.3.3.jar;C:\Users\shieldj\.m2\repository\jakarta\persistence\jakarta.persistence-api\2.2.3\jakarta.persistence-api-2.2.3.jar;C:\Users\shieldj\.m2\repository\org\hibernate\hibernate-core\5.6.15.Final\hibernate-core-5.6.15.Final.jar;C:\Users\shieldj\.m2\repository\org\jboss\logging\jboss-logging\3.4.3.Final\jboss-logging-3.4.3.Final.jar;C:\Users\shieldj\.m2\repository\net\bytebuddy\byte-buddy\1.11.22\byte-buddy-1.11.22.jar;C:\Users\shieldj\.m2\repository\antlr\antlr\2.7.7\antlr-2.7.7.jar;C:\Users\shieldj\.m2\repository\org\jboss\jandex\2.4.2.Final\jandex-2.4.2.Final.jar;C:\Users\shieldj\.m2\repository\com\fasterxml\classmate\1.5.1\classmate-1.5.1.jar;C:\Users\shieldj\.m2\repository\org\hibernate\common\hibernate-commons-annotations\5.1.2.Final\hibernate-commons-annotations-5.1.2.Final.jar;C:\Users\shieldj\.m2\repository\org\glassfish\jaxb\jaxb-runtime\2.3.8\jaxb-runtime-2.3.8.jar;C:\Users\shieldj\.m2\repository\jakarta\xml\bind\jakarta.xml.bind-api\2.3.3\jakarta.xml.bind-api-2.3.3.jar;C:\Users\shieldj\.m2\repository\org\glassfish\jaxb\txw2\2.3.8\txw2-2.3.8.jar;C:\Users\shieldj\.m2\repository\com\sun\istack\istack-commons-runtime\3.0.12\istack-commons-runtime-3.0.12.jar;C:\Users\shieldj\.m2\repository\com\sun\activation\jakarta.activation\1.2.2\jakarta.activation-1.2.2.jar;C:\Users\shieldj\.m2\repository\org\springframework\data\spring-data-jpa\2.6.10\spring-data-jpa-2.6.10.jar;C:\Users\shieldj\.m2\repository\org\springframework\data\spring-data-commons\2.6.10\spring-data-commons-2.6.10.jar;C:\Users\shieldj\.m2\repository\org\springframework\spring-orm\5.3.27\spring-orm-5.3.27.jar;C:\Users\shieldj\.m2\repository\org\springframework\spring-context\5.3.27\spring-context-5.3.27.jar;C:\Users\shieldj\.m2\repository\org\springframework\spring-expression\5.3.27\spring-expression-5.3.27.jar;C:\Users\shieldj\.m2\repository\org\springframework\spring-tx\5.3.27\spring-tx-5.3.27.jar;C:\Users\shieldj\.m2\repository\org\springframework\spring-beans\5.3.27\spring-beans-5.3.27.jar;C:\Users\shieldj\.m2\repository\org\springframework\spring-core\5.3.27\spring-core-5.3.27.jar;C:\Users\shieldj\.m2\repository\org\springframework\spring-jcl\5.3.27\spring-jcl-5.3.27.jar;C:\Users\shieldj\.m2\repository\org\slf4j\slf4j-api\1.7.36\slf4j-api-1.7.36.jar;C:\Users\shieldj\.m2\repository\org\springframework\spring-aspects\5.3.27\spring-aspects-5.3.27.jar;C:\Users\shieldj\.m2\repository\com\h2database\h2\1.4.200\h2-1.4.200.jar;C:\Users\shieldj\.m2\repository\org\projectlombok\lombok\1.18.32\lombok-1.18.32.jar;C:\Users\shieldj\.m2\repository\junit\junit\4.11\junit-4.11.jar;C:\Users\shieldj\.m2\repository\org\hamcrest\hamcrest-core\2.2\hamcrest-core-2.2.jar;C:\Users\shieldj\.m2\repository\org\hamcrest\hamcrest\2.2\hamcrest-2.2.jar;"/>
    <property name="java.vm.vendor" value="Azul Systems, Inc."/>
    <property name="sun.arch.data.model" value="64"/>
    <property name="user.variant" value=""/>
    <property name="java.vendor.url" value="http://www.azul.com/"/>
    <property name="user.timezone" value="Australia/Brisbane"/>
    <property name="java.vm.specification.version" value="11"/>
    <property name="os.name" value="Windows 11"/>
    <property name="user.country" value="AU"/>
    <property name="sun.java.launcher" value="SUN_STANDARD"/>
    <property name="sun.boot.library.path" value="C:\Users\shieldj\OneDrive - CQUniversity\Documents\NetBeansJDKs\zulu11.72.19-ca-jdk11.0.23-win_x64\zulu11.72.19-ca-jdk11.0.23-win_x64\bin"/>
    <property name="sun.java.command" value="C:\Users\shieldj\AppData\Local\Temp\surefire4430307405170273880\surefirebooter1785110828956486985.jar C:\Users\shieldj\AppData\Local\Temp\surefire4430307405170273880 2024-06-05T16-50-04_415-jvmRun1 surefire12346379946553690094tmp surefire_016283083979946850665tmp"/>
    <property name="jdk.debug" value="release"/>
    <property name="surefire.test.class.path" value="C:\Users\shieldj\OneDrive - CQUniversity\Documents\NetBeansProjects\jpa_2tables_cust1_1address_jdk11\target\test-classes;C:\Users\shieldj\OneDrive - CQUniversity\Documents\NetBeansProjects\jpa_2tables_cust1_1address_jdk11\target\classes;C:\Users\shieldj\.m2\repository\org\springframework\boot\spring-boot-starter-data-jpa\2.6.15\spring-boot-starter-data-jpa-2.6.15.jar;C:\Users\shieldj\.m2\repository\org\springframework\boot\spring-boot-starter-aop\2.6.15\spring-boot-starter-aop-2.6.15.jar;C:\Users\shieldj\.m2\repository\org\springframework\boot\spring-boot-starter\2.6.15\spring-boot-starter-2.6.15.jar;C:\Users\shieldj\.m2\repository\org\springframework\boot\spring-boot\2.6.15\spring-boot-2.6.15.jar;C:\Users\shieldj\.m2\repository\org\springframework\boot\spring-boot-autoconfigure\2.6.15\spring-boot-autoconfigure-2.6.15.jar;C:\Users\shieldj\.m2\repository\org\springframework\boot\spring-boot-starter-logging\2.6.15\spring-boot-starter-logging-2.6.15.jar;C:\Users\shieldj\.m2\repository\ch\qos\logback\logback-classic\1.2.12\logback-classic-1.2.12.jar;C:\Users\shieldj\.m2\repository\ch\qos\logback\logback-core\1.2.12\logback-core-1.2.12.jar;C:\Users\shieldj\.m2\repository\org\apache\logging\log4j\log4j-to-slf4j\2.17.2\log4j-to-slf4j-2.17.2.jar;C:\Users\shieldj\.m2\repository\org\apache\logging\log4j\log4j-api\2.17.2\log4j-api-2.17.2.jar;C:\Users\shieldj\.m2\repository\org\slf4j\jul-to-slf4j\1.7.36\jul-to-slf4j-1.7.36.jar;C:\Users\shieldj\.m2\repository\jakarta\annotation\jakarta.annotation-api\1.3.5\jakarta.annotation-api-1.3.5.jar;C:\Users\shieldj\.m2\repository\org\yaml\snakeyaml\1.29\snakeyaml-1.29.jar;C:\Users\shieldj\.m2\repository\org\springframework\spring-aop\5.3.27\spring-aop-5.3.27.jar;C:\Users\shieldj\.m2\repository\org\aspectj\aspectjweaver\1.9.7\aspectjweaver-1.9.7.jar;C:\Users\shieldj\.m2\repository\org\springframework\boot\spring-boot-starter-jdbc\2.6.15\spring-boot-starter-jdbc-2.6.15.jar;C:\Users\shieldj\.m2\repository\com\zaxxer\HikariCP\4.0.3\HikariCP-4.0.3.jar;C:\Users\shieldj\.m2\repository\org\springframework\spring-jdbc\5.3.27\spring-jdbc-5.3.27.jar;C:\Users\shieldj\.m2\repository\jakarta\transaction\jakarta.transaction-api\1.3.3\jakarta.transaction-api-1.3.3.jar;C:\Users\shieldj\.m2\repository\jakarta\persistence\jakarta.persistence-api\2.2.3\jakarta.persistence-api-2.2.3.jar;C:\Users\shieldj\.m2\repository\org\hibernate\hibernate-core\5.6.15.Final\hibernate-core-5.6.15.Final.jar;C:\Users\shieldj\.m2\repository\org\jboss\logging\jboss-logging\3.4.3.Final\jboss-logging-3.4.3.Final.jar;C:\Users\shieldj\.m2\repository\net\bytebuddy\byte-buddy\1.11.22\byte-buddy-1.11.22.jar;C:\Users\shieldj\.m2\repository\antlr\antlr\2.7.7\antlr-2.7.7.jar;C:\Users\shieldj\.m2\repository\org\jboss\jandex\2.4.2.Final\jandex-2.4.2.Final.jar;C:\Users\shieldj\.m2\repository\com\fasterxml\classmate\1.5.1\classmate-1.5.1.jar;C:\Users\shieldj\.m2\repository\org\hibernate\common\hibernate-commons-annotations\5.1.2.Final\hibernate-commons-annotations-5.1.2.Final.jar;C:\Users\shieldj\.m2\repository\org\glassfish\jaxb\jaxb-runtime\2.3.8\jaxb-runtime-2.3.8.jar;C:\Users\shieldj\.m2\repository\jakarta\xml\bind\jakarta.xml.bind-api\2.3.3\jakarta.xml.bind-api-2.3.3.jar;C:\Users\shieldj\.m2\repository\org\glassfish\jaxb\txw2\2.3.8\txw2-2.3.8.jar;C:\Users\shieldj\.m2\repository\com\sun\istack\istack-commons-runtime\3.0.12\istack-commons-runtime-3.0.12.jar;C:\Users\shieldj\.m2\repository\com\sun\activation\jakarta.activation\1.2.2\jakarta.activation-1.2.2.jar;C:\Users\shieldj\.m2\repository\org\springframework\data\spring-data-jpa\2.6.10\spring-data-jpa-2.6.10.jar;C:\Users\shieldj\.m2\repository\org\springframework\data\spring-data-commons\2.6.10\spring-data-commons-2.6.10.jar;C:\Users\shieldj\.m2\repository\org\springframework\spring-orm\5.3.27\spring-orm-5.3.27.jar;C:\Users\shieldj\.m2\repository\org\springframework\spring-context\5.3.27\spring-context-5.3.27.jar;C:\Users\shieldj\.m2\repository\org\springframework\spring-expression\5.3.27\spring-expression-5.3.27.jar;C:\Users\shieldj\.m2\repository\org\springframework\spring-tx\5.3.27\spring-tx-5.3.27.jar;C:\Users\shieldj\.m2\repository\org\springframework\spring-beans\5.3.27\spring-beans-5.3.27.jar;C:\Users\shieldj\.m2\repository\org\springframework\spring-core\5.3.27\spring-core-5.3.27.jar;C:\Users\shieldj\.m2\repository\org\springframework\spring-jcl\5.3.27\spring-jcl-5.3.27.jar;C:\Users\shieldj\.m2\repository\org\slf4j\slf4j-api\1.7.36\slf4j-api-1.7.36.jar;C:\Users\shieldj\.m2\repository\org\springframework\spring-aspects\5.3.27\spring-aspects-5.3.27.jar;C:\Users\shieldj\.m2\repository\com\h2database\h2\1.4.200\h2-1.4.200.jar;C:\Users\shieldj\.m2\repository\org\projectlombok\lombok\1.18.32\lombok-1.18.32.jar;C:\Users\shieldj\.m2\repository\junit\junit\4.11\junit-4.11.jar;C:\Users\shieldj\.m2\repository\org\hamcrest\hamcrest-core\2.2\hamcrest-core-2.2.jar;C:\Users\shieldj\.m2\repository\org\hamcrest\hamcrest\2.2\hamcrest-2.2.jar;"/>
    <property name="sun.cpu.endian" value="little"/>
    <property name="user.home" value="C:\Users\shieldj"/>
    <property name="user.language" value="en"/>
    <property name="java.specification.vendor" value="Oracle Corporation"/>
    <property name="java.version.date" value="2024-04-16"/>
    <property name="java.home" value="C:\Users\shieldj\OneDrive - CQUniversity\Documents\NetBeansJDKs\zulu11.72.19-ca-jdk11.0.23-win_x64\zulu11.72.19-ca-jdk11.0.23-win_x64"/>
    <property name="file.separator" value="\"/>
    <property name="basedir" value="C:\Users\shieldj\OneDrive - CQUniversity\Documents\NetBeansProjects\jpa_2tables_cust1_1address_jdk11"/>
    <property name="java.vm.compressedOopsMode" value="Zero based"/>
    <property name="line.separator" value="&#10;"/>
    <property name="java.specification.name" value="Java Platform API Specification"/>
    <property name="java.vm.specification.vendor" value="Oracle Corporation"/>
    <property name="jdk.vendor.version" value="Zulu11.72+19-CA"/>
    <property name="java.awt.graphicsenv" value="sun.awt.Win32GraphicsEnvironment"/>
    <property name="surefire.real.class.path" value="C:\Users\shieldj\AppData\Local\Temp\surefire4430307405170273880\surefirebooter1785110828956486985.jar"/>
    <property name="user.script" value=""/>
    <property name="sun.management.compiler" value="HotSpot 64-Bit Tiered Compilers"/>
    <property name="java.runtime.version" value="11.0.23+9-LTS"/>
    <property name="user.name" value="shieldj"/>
    <property name="path.separator" value=";"/>
    <property name="os.version" value="10.0"/>
    <property name="java.runtime.name" value="OpenJDK Runtime Environment"/>
    <property name="file.encoding" value="Cp1252"/>
    <property name="java.vm.name" value="OpenJDK 64-Bit Server VM"/>
    <property name="java.vendor.version" value="Zulu11.72+19-CA"/>
    <property name="maven.ext.class.path" value="C:\Program Files\NetBeans-20\netbeans\java\maven-nblib\netbeans-eventspy.jar"/>
    <property name="localRepository" value="C:\Users\shieldj\.m2\repository"/>
    <property name="java.vendor.url.bug" value="http://www.azul.com/support/"/>
    <property name="java.io.tmpdir" value="C:\Users\shieldj\AppData\Local\Temp\"/>
    <property name="java.version" value="11.0.23"/>
    <property name="user.dir" value="C:\Users\shieldj\OneDrive - CQUniversity\Documents\NetBeansProjects\jpa_2tables_cust1_1address_jdk11"/>
    <property name="os.arch" value="amd64"/>
    <property name="java.vm.specification.name" value="Java Virtual Machine Specification"/>
    <property name="java.awt.printerjob" value="sun.awt.windows.WPrinterJob"/>
    <property name="sun.os.patch.level" value=""/>
    <property name="java.library.path" value="C:\Users\shieldj\OneDrive - CQUniversity\Documents\NetBeansJDKs\zulu11.72.19-ca-jdk11.0.23-win_x64\zulu11.72.19-ca-jdk11.0.23-win_x64\bin;C:\Windows\Sun\Java\bin;C:\Windows\system32;C:\Windows;C:\Program Files\ImageMagick-7.1.1-Q16-HDRI;C:\Program Files\Microsoft SDKs\Azure\CLI2\wbin;C:\Windows\system32;C:\Windows;C:\Windows\System32\Wbem;C:\Windows\System32\WindowsPowerShell\v1.0\;C:\Windows\System32\OpenSSH\;C:\Program Files\Microsoft VS Code\bin;C:\Program Files\nodejs\;C:\Program Files\Git\cmd;C:\Program Files\PuTTY\;C:\ProgramData\chocolatey\bin;C:\Program Files\gs\gs10.00.0\bin;C:\Program Files\Go\bin;C:\Program Files\Vagrant\bin;C:\Program Files\PowerShell\7\;C:\Program Files\Microsoft\jdk-21.0.2.13-hotspot\bin;C:\Users\shieldj\AppData\Local\Programs\Eclipse Adoptium\jdk-17.0.11.9-hotspot\bin;C:\Program Files\ImageMagick-7.1.1-Q16-HDRI;C:\Program Files\Microsoft SDKs\Azure\CLI2\wbin;C:\Windows\system32;C:\Windows;C:\Windows\System32\Wbem;C:\Windows\System32\WindowsPowerShell\v1.0\;C:\Windows\System32\OpenSSH\;C:\Program Files\Microsoft VS Code\bin;C:\Program Files\nodejs\;C:\Program Files\Git\cmd;C:\Program Files\PuTTY\;C:\ProgramData\chocolatey\bin;C:\Program Files\PowerShell\7\;C:\Program Files\gs\gs10.00.0\bin;C:\Program Files\Go\bin;C:\Program Files\Vagrant\bin;C:\Users\shieldj\AppData\Local\Microsoft\WindowsApps;C:\Users\shieldj\AppData\Roaming\npm\node_modules;c:\tools\cygwin\bin;;."/>
    <property name="java.vm.info" value="mixed mode"/>
    <property name="java.vendor" value="Azul Systems, Inc."/>
    <property name="java.vm.version" value="11.0.23+9-LTS"/>
    <property name="java.specification.maintenance.version" value="2"/>
    <property name="sun.io.unicode.encoding" value="UnicodeLittle"/>
    <property name="java.class.version" value="55.0"/>
  </properties>
  <testcase name="shouldAnswerWithTrue" classname="com.uni.app.AppTest" time="0.001"/>
</testsuite>